

Microchip Technology PIC LITE Macro Assembler V1.41 build -162212810 
                                                                                               Mon Feb 27 09:52:44 2017

Microchip Technology Omniscient Code Generator v1.41 (Free mode) build 201701250102
     1                           	processor	16F84A
     2                           	opt	pw 120
     3                           	opt	lm
     4                           	psect	cinit,global,class=CODE,merge=1,delta=2
     5                           	psect	cstackBANK0,global,class=BANK0,space=1,delta=1
     6                           	psect	maintext,global,class=CODE,split=1,delta=2
     7                           	dabs	1,0x4E,2
     8  0000                     
     9                           ; Version 1.41
    10                           ; Generated 25/01/2017 GMT
    11                           ; 
    12                           ; Copyright © 2017, Microchip Technology Inc. and its subsidiaries ("Microchip")
    13                           ; All rights reserved.
    14                           ; 
    15                           ; This software is developed by Microchip Technology Inc. and its subsidiaries ("Microch
      +                          ip").
    16                           ; 
    17                           ; Redistribution and use in source and binary forms, with or without modification, are
    18                           ; permitted provided that the following conditions are met:
    19                           ; 
    20                           ;     1. Redistributions of source code must retain the above copyright notice, this lis
      +                          t of
    21                           ;        conditions and the following disclaimer.
    22                           ; 
    23                           ;     2. Redistributions in binary form must reproduce the above copyright notice, this 
      +                          list
    24                           ;        of conditions and the following disclaimer in the documentation and/or other
    25                           ;        materials provided with the distribution.
    26                           ; 
    27                           ;     3. Microchip's name may not be used to endorse or promote products derived from th
      +                          is
    28                           ;        software without specific prior written permission.
    29                           ; 
    30                           ; THIS SOFTWARE IS PROVIDED BY MICROCHIP "AS IS" AND ANY EXPRESS OR IMPLIED WARRANTIES,
    31                           ; INCLUDING, BUT NOT LIMITED TO, THE IMPLIED WARRANTIES OF MERCHANTABILITY AND FITNESS F
      +                          OR
    32                           ; PURPOSE ARE DISCLAIMED.  IN NO EVENT SHALL MICROCHIP BE LIABLE FOR ANY DIRECT, INDIREC
      +                          T,
    33                           ; INCIDENTAL, SPECIAL, EXEMPLARY, OR CONSEQUENTIAL DAMAGES (INCLUDING BUT NOT LIMITED TO
    34                           ; PROCUREMENT OF SUBSTITUTE GOODS OR SERVICES; LOSS OF USE, DATA OR PROFITS; OR BUSINESS
    35                           ; INTERRUPTION) HOWSOEVER CAUSED AND ON ANY THEORY OF LIABILITY, WHETHER IN CONTRACT, ST
      +                          RICT
    36                           ; LIABILITY, OR TORT (INCLUDING NEGLIGENCE OR OTHERWISE) ARISING IN ANY WAY OUT OF THE U
      +                          SE OF
    37                           ; THIS SOFTWARE, EVEN IF ADVISED OF THE POSSIBILITY OF SUCH DAMAGE.
    38                           ; 
    39                           ; 
    40                           ; Code-generator required, PIC16F84A Definitions
    41                           ; 
    42                           ; SFR Addresses
    43  0000                     	;# 
    44  0001                     	;# 
    45  0002                     	;# 
    46  0003                     	;# 
    47  0004                     	;# 
    48  0005                     	;# 
    49  0006                     	;# 
    50  0008                     	;# 
    51  0009                     	;# 
    52  000A                     	;# 
    53  000B                     	;# 
    54  0081                     	;# 
    55  0085                     	;# 
    56  0086                     	;# 
    57  0088                     	;# 
    58  0089                     	;# 
    59  0006                     _PORTB	set	6
    60  0086                     _TRISB	set	134
    61                           
    62                           	psect	cinit
    63  03FE                     start_initialization:	
    64                           ; #config settings
    65                           
    66  03FE                     __initialization:	
    67  03FE                     end_of_initialization:	
    68                           ;End of C runtime variable initialization code
    69                           
    70  03FE                     __end_of__initialization:	
    71  03FE  0183               	clrf	3
    72  03FF  2B53               	ljmp	_main	;jump to C main() function
    73                           
    74                           	psect	cstackBANK0
    75  000C                     __pcstackBANK0:	
    76  000C                     ?_main:	
    77  000C                     ??_main:	
    78                           ; 1 bytes @ 0x0
    79                           
    80                           
    81                           ; 1 bytes @ 0x0
    82  000C                     	ds	2
    83                           
    84                           	psect	maintext
    85  0353                     __pmaintext:	
    86 ;;
    87 ;;Main: autosize = 0, tempsize = 2, incstack = 0, save=0
    88 ;;
    89 ;; *************** function _main *****************
    90 ;; Defined at:
    91 ;;		line 11 in file "newmain.c"
    92 ;; Parameters:    Size  Location     Type
    93 ;;		None
    94 ;; Auto vars:     Size  Location     Type
    95 ;;		None
    96 ;; Return value:  Size  Location     Type
    97 ;;                  1    wreg      void 
    98 ;; Registers used:
    99 ;;		wreg, status,2
   100 ;; Tracked objects:
   101 ;;		On entry : B00/0
   102 ;;		On exit  : 0/0
   103 ;;		Unchanged: 0/0
   104 ;; Data sizes:     COMMON   BANK0
   105 ;;      Params:         0       0
   106 ;;      Locals:         0       0
   107 ;;      Temps:          0       2
   108 ;;      Totals:         0       2
   109 ;;Total ram usage:        2 bytes
   110 ;; This function calls:
   111 ;;		Nothing
   112 ;; This function is called by:
   113 ;;		Startup code after reset
   114 ;; This function uses a non-reentrant model
   115 ;;
   116                           
   117                           
   118                           ;psect for function _main
   119  0353                     _main:	
   120                           
   121                           ;newmain.c: 13: TRISB=0;
   122                           
   123                           ;incstack = 0
   124                           ; Regs used in _main: [wreg+status,2]
   125  0353  1683               	bsf	3,5	;RP0=1, select bank1
   126  0354  0186               	clrf	6	;volatile
   127  0355                     l531:	
   128                           ;newmain.c: 14: for(;;)
   129                           
   130                           
   131                           ;newmain.c: 15: {
   132                           ;newmain.c: 16: PORTB=0b10000001; _delay((unsigned long)((100)*(4000000/4000.0)));
   133  0355  3081               	movlw	129
   134  0356  1283               	bcf	3,5	;RP0=0, select bank0
   135  0357  0086               	movwf	6	;volatile
   136  0358  3082               	movlw	130
   137  0359  008D               	movwf	??_main+1
   138  035A  30DD               	movlw	221
   139  035B  008C               	movwf	??_main
   140  035C                     u17:	
   141  035C  0B8C               	decfsz	??_main,f
   142  035D  2B5C               	goto	u17
   143  035E  0B8D               	decfsz	??_main+1,f
   144  035F  2B5C               	goto	u17
   145  0360  2B61               	nop2
   146                           
   147                           ;newmain.c: 17: PORTB=0b01000010; _delay((unsigned long)((100)*(4000000/4000.0)));
   148  0361  3042               	movlw	66
   149  0362  1283               	bcf	3,5	;RP0=0, select bank0
   150  0363  0086               	movwf	6	;volatile
   151  0364  3082               	movlw	130
   152  0365  008D               	movwf	??_main+1
   153  0366  30DD               	movlw	221
   154  0367  008C               	movwf	??_main
   155  0368                     u27:	
   156  0368  0B8C               	decfsz	??_main,f
   157  0369  2B68               	goto	u27
   158  036A  0B8D               	decfsz	??_main+1,f
   159  036B  2B68               	goto	u27
   160  036C  2B6D               	nop2
   161                           
   162                           ;newmain.c: 18: PORTB=0b00100100; _delay((unsigned long)((100)*(4000000/4000.0)));
   163  036D  3024               	movlw	36
   164  036E  1283               	bcf	3,5	;RP0=0, select bank0
   165  036F  0086               	movwf	6	;volatile
   166  0370  3082               	movlw	130
   167  0371  008D               	movwf	??_main+1
   168  0372  30DD               	movlw	221
   169  0373  008C               	movwf	??_main
   170  0374                     u37:	
   171  0374  0B8C               	decfsz	??_main,f
   172  0375  2B74               	goto	u37
   173  0376  0B8D               	decfsz	??_main+1,f
   174  0377  2B74               	goto	u37
   175  0378  2B79               	nop2
   176                           
   177                           ;newmain.c: 19: PORTB=0b00011000; _delay((unsigned long)((100)*(4000000/4000.0)));
   178  0379  3018               	movlw	24
   179  037A  1283               	bcf	3,5	;RP0=0, select bank0
   180  037B  0086               	movwf	6	;volatile
   181  037C  3082               	movlw	130
   182  037D  008D               	movwf	??_main+1
   183  037E  30DD               	movlw	221
   184  037F  008C               	movwf	??_main
   185  0380                     u47:	
   186  0380  0B8C               	decfsz	??_main,f
   187  0381  2B80               	goto	u47
   188  0382  0B8D               	decfsz	??_main+1,f
   189  0383  2B80               	goto	u47
   190  0384  2B85               	nop2
   191                           
   192                           ;newmain.c: 20: PORTB=0b00011000; _delay((unsigned long)((100)*(4000000/4000.0)));
   193  0385  3018               	movlw	24
   194  0386  1283               	bcf	3,5	;RP0=0, select bank0
   195  0387  0086               	movwf	6	;volatile
   196  0388  3082               	movlw	130
   197  0389  008D               	movwf	??_main+1
   198  038A  30DD               	movlw	221
   199  038B  008C               	movwf	??_main
   200  038C                     u57:	
   201  038C  0B8C               	decfsz	??_main,f
   202  038D  2B8C               	goto	u57
   203  038E  0B8D               	decfsz	??_main+1,f
   204  038F  2B8C               	goto	u57
   205  0390  2B91               	nop2
   206                           
   207                           ;newmain.c: 21: PORTB=0b00100100; _delay((unsigned long)((100)*(4000000/4000.0)));
   208  0391  3024               	movlw	36
   209  0392  1283               	bcf	3,5	;RP0=0, select bank0
   210  0393  0086               	movwf	6	;volatile
   211  0394  3082               	movlw	130
   212  0395  008D               	movwf	??_main+1
   213  0396  30DD               	movlw	221
   214  0397  008C               	movwf	??_main
   215  0398                     u67:	
   216  0398  0B8C               	decfsz	??_main,f
   217  0399  2B98               	goto	u67
   218  039A  0B8D               	decfsz	??_main+1,f
   219  039B  2B98               	goto	u67
   220  039C  2B9D               	nop2
   221                           
   222                           ;newmain.c: 22: PORTB=0b01000010; _delay((unsigned long)((100)*(4000000/4000.0)));
   223  039D  3042               	movlw	66
   224  039E  1283               	bcf	3,5	;RP0=0, select bank0
   225  039F  0086               	movwf	6	;volatile
   226  03A0  3082               	movlw	130
   227  03A1  008D               	movwf	??_main+1
   228  03A2  30DD               	movlw	221
   229  03A3  008C               	movwf	??_main
   230  03A4                     u77:	
   231  03A4  0B8C               	decfsz	??_main,f
   232  03A5  2BA4               	goto	u77
   233  03A6  0B8D               	decfsz	??_main+1,f
   234  03A7  2BA4               	goto	u77
   235  03A8  2BA9               	nop2
   236                           
   237                           ;newmain.c: 23: PORTB=0b10000001; _delay((unsigned long)((100)*(4000000/4000.0)));
   238  03A9  3081               	movlw	129
   239  03AA  1283               	bcf	3,5	;RP0=0, select bank0
   240  03AB  0086               	movwf	6	;volatile
   241  03AC  3082               	movlw	130
   242  03AD  008D               	movwf	??_main+1
   243  03AE  30DD               	movlw	221
   244  03AF  008C               	movwf	??_main
   245  03B0                     u87:	
   246  03B0  0B8C               	decfsz	??_main,f
   247  03B1  2BB0               	goto	u87
   248  03B2  0B8D               	decfsz	??_main+1,f
   249  03B3  2BB0               	goto	u87
   250  03B4  2BB5               	nop2
   251                           
   252                           ;newmain.c: 24: PORTB=0b01000010; _delay((unsigned long)((100)*(4000000/4000.0)));
   253  03B5  3042               	movlw	66
   254  03B6  1283               	bcf	3,5	;RP0=0, select bank0
   255  03B7  0086               	movwf	6	;volatile
   256  03B8  3082               	movlw	130
   257  03B9  008D               	movwf	??_main+1
   258  03BA  30DD               	movlw	221
   259  03BB  008C               	movwf	??_main
   260  03BC                     u97:	
   261  03BC  0B8C               	decfsz	??_main,f
   262  03BD  2BBC               	goto	u97
   263  03BE  0B8D               	decfsz	??_main+1,f
   264  03BF  2BBC               	goto	u97
   265  03C0  2BC1               	nop2
   266                           
   267                           ;newmain.c: 25: PORTB=0b00100100; _delay((unsigned long)((100)*(4000000/4000.0)));
   268  03C1  3024               	movlw	36
   269  03C2  1283               	bcf	3,5	;RP0=0, select bank0
   270  03C3  0086               	movwf	6	;volatile
   271  03C4  3082               	movlw	130
   272  03C5  008D               	movwf	??_main+1
   273  03C6  30DD               	movlw	221
   274  03C7  008C               	movwf	??_main
   275  03C8                     u107:	
   276  03C8  0B8C               	decfsz	??_main,f
   277  03C9  2BC8               	goto	u107
   278  03CA  0B8D               	decfsz	??_main+1,f
   279  03CB  2BC8               	goto	u107
   280  03CC  2BCD               	nop2
   281                           
   282                           ;newmain.c: 26: PORTB=0b00011000; _delay((unsigned long)((100)*(4000000/4000.0)));
   283  03CD  3018               	movlw	24
   284  03CE  1283               	bcf	3,5	;RP0=0, select bank0
   285  03CF  0086               	movwf	6	;volatile
   286  03D0  3082               	movlw	130
   287  03D1  008D               	movwf	??_main+1
   288  03D2  30DD               	movlw	221
   289  03D3  008C               	movwf	??_main
   290  03D4                     u117:	
   291  03D4  0B8C               	decfsz	??_main,f
   292  03D5  2BD4               	goto	u117
   293  03D6  0B8D               	decfsz	??_main+1,f
   294  03D7  2BD4               	goto	u117
   295  03D8  2BD9               	nop2
   296                           
   297                           ;newmain.c: 27: PORTB=0b00011000; _delay((unsigned long)((100)*(4000000/4000.0)));
   298  03D9  3018               	movlw	24
   299  03DA  1283               	bcf	3,5	;RP0=0, select bank0
   300  03DB  0086               	movwf	6	;volatile
   301  03DC  3082               	movlw	130
   302  03DD  008D               	movwf	??_main+1
   303  03DE  30DD               	movlw	221
   304  03DF  008C               	movwf	??_main
   305  03E0                     u127:	
   306  03E0  0B8C               	decfsz	??_main,f
   307  03E1  2BE0               	goto	u127
   308  03E2  0B8D               	decfsz	??_main+1,f
   309  03E3  2BE0               	goto	u127
   310  03E4  2BE5               	nop2
   311                           
   312                           ;newmain.c: 28: PORTB=0b00100100; _delay((unsigned long)((100)*(4000000/4000.0)));
   313  03E5  3024               	movlw	36
   314  03E6  1283               	bcf	3,5	;RP0=0, select bank0
   315  03E7  0086               	movwf	6	;volatile
   316  03E8  3082               	movlw	130
   317  03E9  008D               	movwf	??_main+1
   318  03EA  30DD               	movlw	221
   319  03EB  008C               	movwf	??_main
   320  03EC                     u137:	
   321  03EC  0B8C               	decfsz	??_main,f
   322  03ED  2BEC               	goto	u137
   323  03EE  0B8D               	decfsz	??_main+1,f
   324  03EF  2BEC               	goto	u137
   325  03F0  2BF1               	nop2
   326                           
   327                           ;newmain.c: 29: PORTB=0b01000010; _delay((unsigned long)((100)*(4000000/4000.0)));
   328  03F1  3042               	movlw	66
   329  03F2  1283               	bcf	3,5	;RP0=0, select bank0
   330  03F3  0086               	movwf	6	;volatile
   331  03F4  3082               	movlw	130
   332  03F5  008D               	movwf	??_main+1
   333  03F6  30DD               	movlw	221
   334  03F7  008C               	movwf	??_main
   335  03F8                     u147:	
   336  03F8  0B8C               	decfsz	??_main,f
   337  03F9  2BF8               	goto	u147
   338  03FA  0B8D               	decfsz	??_main+1,f
   339  03FB  2BF8               	goto	u147
   340  03FC  2BFD               	nop2
   341                           
   342                           ;newmain.c: 30: }
   343  03FD  2B55               	goto	l531
   344  03FE                     __end_of_main:	
   345                           ;newmain.c: 31: return;
   346                           
   347  004E                     btemp	set	78	;btemp
   348  004E                     wtemp0	set	78


Data Sizes:
    Strings     0
    Constant    0
    Data        0
    BSS         0
    Persistent  0
    Stack       0

Auto Spaces:
    Space          Size  Autos    Used
    COMMON            0      0       0
    BANK0            66      2       2

Pointer List with Targets:

    None.

Critical Paths under _main in COMMON

    None.

Critical Paths under _main in BANK0

    None.

Call Graph Tables:

 ---------------------------------------------------------------------------------
 (Depth) Function   	        Calls       Base Space   Used Autos Params    Refs
 ---------------------------------------------------------------------------------
 (0) _main                                                 2     2      0       0
                                              0 BANK0      2     2      0
 ---------------------------------------------------------------------------------
 Estimated maximum stack depth 0
 ---------------------------------------------------------------------------------

 Call Graph Graphs:

 _main (ROOT)

 Address spaces:
Name               Size   Autos  Total    Cost      Usage
BITCOMMON            0      0       0       0        0.0%
EEDATA              40      0       0       0        0.0%
NULL                 0      0       0       0        0.0%
CODE                 0      0       0       0        0.0%
BITSFR0              0      0       0       1        0.0%
SFR0                 0      0       0       1        0.0%
COMMON               0      0       0       1        0.0%
BITSFR1              0      0       0       2        0.0%
SFR1                 0      0       0       2        0.0%
STACK                0      0       0       2        0.0%
BANK0               42      2       2       3        3.0%
ABS                  0      0       0       4        0.0%
BITBANK0            42      0       0       5        0.0%
DATA                 0      0       0       6        0.0%


Microchip Technology PIC Macro Assembler V1.41 build -162212810 
Symbol Table                                                                                   Mon Feb 27 09:52:44 2017

                     u17 035C                       u27 0368                       u37 0374  
                     u47 0380                       u57 038C                       u67 0398  
                     u77 03A4                       u87 03B0                       u97 03BC  
                    l531 0355                      u107 03C8                      u117 03D4  
                    u127 03E0                      u137 03EC                      u147 03F8  
                   _main 0353                     btemp 004E                     start 0000  
                  ?_main 000C                    _PORTB 0006                    _TRISB 0086  
                  status 0003                    wtemp0 004E          __initialization 03FE  
           __end_of_main 03FE                   ??_main 000C  __end_of__initialization 03FE  
             __pmaintext 0353     end_of_initialization 03FE      start_initialization 03FE  
              ___latbits 0000            __pcstackBANK0 000C            __size_of_main 00AB  
