

Microchip Technology PIC LITE Macro Assembler V1.41 build -162212810 
                                                                                               Mon Feb 20 22:54:47 2017

Microchip Technology Omniscient Code Generator v1.41 (Free mode) build 201701250102
     1                           	processor	16F84A
     2                           	opt	pw 120
     3                           	opt	lm
     4                           	psect	cinit,global,class=CODE,merge=1,delta=2
     5                           	psect	cstackBANK0,global,class=BANK0,space=1,delta=1
     6                           	psect	maintext,global,class=CODE,split=1,delta=2
     7                           	dabs	1,0x4E,2
     8  0000                     
     9                           ; Version 1.41
    10                           ; Generated 25/01/2017 GMT
    11                           ; 
    12                           ; Copyright © 2017, Microchip Technology Inc. and its subsidiaries ("Microchip")
    13                           ; All rights reserved.
    14                           ; 
    15                           ; This software is developed by Microchip Technology Inc. and its subsidiaries ("Microch
      +                          ip").
    16                           ; 
    17                           ; Redistribution and use in source and binary forms, with or without modification, are
    18                           ; permitted provided that the following conditions are met:
    19                           ; 
    20                           ;     1. Redistributions of source code must retain the above copyright notice, this lis
      +                          t of
    21                           ;        conditions and the following disclaimer.
    22                           ; 
    23                           ;     2. Redistributions in binary form must reproduce the above copyright notice, this 
      +                          list
    24                           ;        of conditions and the following disclaimer in the documentation and/or other
    25                           ;        materials provided with the distribution.
    26                           ; 
    27                           ;     3. Microchip's name may not be used to endorse or promote products derived from th
      +                          is
    28                           ;        software without specific prior written permission.
    29                           ; 
    30                           ; THIS SOFTWARE IS PROVIDED BY MICROCHIP "AS IS" AND ANY EXPRESS OR IMPLIED WARRANTIES,
    31                           ; INCLUDING, BUT NOT LIMITED TO, THE IMPLIED WARRANTIES OF MERCHANTABILITY AND FITNESS F
      +                          OR
    32                           ; PURPOSE ARE DISCLAIMED.  IN NO EVENT SHALL MICROCHIP BE LIABLE FOR ANY DIRECT, INDIREC
      +                          T,
    33                           ; INCIDENTAL, SPECIAL, EXEMPLARY, OR CONSEQUENTIAL DAMAGES (INCLUDING BUT NOT LIMITED TO
    34                           ; PROCUREMENT OF SUBSTITUTE GOODS OR SERVICES; LOSS OF USE, DATA OR PROFITS; OR BUSINESS
    35                           ; INTERRUPTION) HOWSOEVER CAUSED AND ON ANY THEORY OF LIABILITY, WHETHER IN CONTRACT, ST
      +                          RICT
    36                           ; LIABILITY, OR TORT (INCLUDING NEGLIGENCE OR OTHERWISE) ARISING IN ANY WAY OUT OF THE U
      +                          SE OF
    37                           ; THIS SOFTWARE, EVEN IF ADVISED OF THE POSSIBILITY OF SUCH DAMAGE.
    38                           ; 
    39                           ; 
    40                           ; Code-generator required, PIC16F84A Definitions
    41                           ; 
    42                           ; SFR Addresses
    43  0000                     	;# 
    44  0001                     	;# 
    45  0002                     	;# 
    46  0003                     	;# 
    47  0004                     	;# 
    48  0005                     	;# 
    49  0006                     	;# 
    50  0008                     	;# 
    51  0009                     	;# 
    52  000A                     	;# 
    53  000B                     	;# 
    54  0081                     	;# 
    55  0085                     	;# 
    56  0086                     	;# 
    57  0088                     	;# 
    58  0089                     	;# 
    59  0036                     _RB6	set	54
    60  0030                     _RB0	set	48
    61  0436                     _TRISB6	set	1078
    62  0430                     _TRISB0	set	1072
    63                           
    64                           	psect	cinit
    65  03FE                     start_initialization:	
    66                           ; #config settings
    67                           
    68  03FE                     __initialization:	
    69  03FE                     end_of_initialization:	
    70                           ;End of C runtime variable initialization code
    71                           
    72  03FE                     __end_of__initialization:	
    73  03FE  0183               	clrf	3
    74  03FF  2BBE               	ljmp	_main	;jump to C main() function
    75                           
    76                           	psect	cstackBANK0
    77  000C                     __pcstackBANK0:	
    78  000C                     ?_main:	
    79  000C                     ??_main:	
    80                           ; 1 bytes @ 0x0
    81                           
    82                           
    83                           ; 1 bytes @ 0x0
    84  000C                     	ds	3
    85                           
    86                           	psect	maintext
    87  03BE                     __pmaintext:	
    88 ;;
    89 ;;Main: autosize = 0, tempsize = 3, incstack = 0, save=0
    90 ;;
    91 ;; *************** function _main *****************
    92 ;; Defined at:
    93 ;;		line 13 in file "newmain.c"
    94 ;; Parameters:    Size  Location     Type
    95 ;;		None
    96 ;; Auto vars:     Size  Location     Type
    97 ;;		None
    98 ;; Return value:  Size  Location     Type
    99 ;;                  1    wreg      void 
   100 ;; Registers used:
   101 ;;		wreg
   102 ;; Tracked objects:
   103 ;;		On entry : B00/0
   104 ;;		On exit  : 0/0
   105 ;;		Unchanged: 0/0
   106 ;; Data sizes:     COMMON   BANK0
   107 ;;      Params:         0       0
   108 ;;      Locals:         0       0
   109 ;;      Temps:          0       3
   110 ;;      Totals:         0       3
   111 ;;Total ram usage:        3 bytes
   112 ;; This function calls:
   113 ;;		Nothing
   114 ;; This function is called by:
   115 ;;		Startup code after reset
   116 ;; This function uses a non-reentrant model
   117 ;;
   118                           
   119                           
   120                           ;psect for function _main
   121  03BE                     _main:	
   122                           
   123                           ;newmain.c: 15: TRISB0=0;
   124                           
   125                           ;incstack = 0
   126                           ; Regs used in _main: [wreg]
   127  03BE  1683               	bsf	3,5	;RP0=1, select bank1
   128  03BF  1006               	bcf	6,0	;volatile
   129                           
   130                           ;newmain.c: 16: TRISB6=0;
   131  03C0  1306               	bcf	6,6	;volatile
   132                           
   133                           ;newmain.c: 19: {
   134                           ;newmain.c: 20: RB0=1;
   135                           
   136                           ;newmain.c: 18: for(;;)
   137                           
   138                           ;newmain.c: 29: }
   139                           
   140                           ;newmain.c: 28: return;
   141  03C1  1283               	bcf	3,5	;RP0=0, select bank0
   142  03C2  1406               	bsf	6,0	;volatile
   143                           
   144                           ;newmain.c: 21: _delay((unsigned long)((500)*(4000000/4000.0)));
   145  03C3  3003               	movlw	3
   146  03C4  008E               	movwf	??_main+2
   147  03C5  308A               	movlw	138
   148  03C6  008D               	movwf	??_main+1
   149  03C7  3055               	movlw	85
   150  03C8  008C               	movwf	??_main
   151  03C9                     u17:	
   152  03C9  0B8C               	decfsz	??_main,f
   153  03CA  2BC9               	goto	u17
   154  03CB  0B8D               	decfsz	??_main+1,f
   155  03CC  2BC9               	goto	u17
   156  03CD  0B8E               	decfsz	??_main+2,f
   157  03CE  2BC9               	goto	u17
   158  03CF  2BD0               	nop2
   159                           
   160                           ;newmain.c: 22: RB0=0;
   161  03D0  1283               	bcf	3,5	;RP0=0, select bank0
   162  03D1  1006               	bcf	6,0	;volatile
   163                           
   164                           ;newmain.c: 23: _delay((unsigned long)((500)*(4000000/4000.0)));
   165  03D2  3003               	movlw	3
   166  03D3  008E               	movwf	??_main+2
   167  03D4  308A               	movlw	138
   168  03D5  008D               	movwf	??_main+1
   169  03D6  3055               	movlw	85
   170  03D7  008C               	movwf	??_main
   171  03D8                     u27:	
   172  03D8  0B8C               	decfsz	??_main,f
   173  03D9  2BD8               	goto	u27
   174  03DA  0B8D               	decfsz	??_main+1,f
   175  03DB  2BD8               	goto	u27
   176  03DC  0B8E               	decfsz	??_main+2,f
   177  03DD  2BD8               	goto	u27
   178  03DE  2BDF               	nop2
   179                           
   180                           ;newmain.c: 24: RB6=1;
   181  03DF  1283               	bcf	3,5	;RP0=0, select bank0
   182  03E0  1706               	bsf	6,6	;volatile
   183                           
   184                           ;newmain.c: 25: _delay((unsigned long)((500)*(4000000/4000.0)));
   185  03E1  3003               	movlw	3
   186  03E2  008E               	movwf	??_main+2
   187  03E3  308A               	movlw	138
   188  03E4  008D               	movwf	??_main+1
   189  03E5  3055               	movlw	85
   190  03E6  008C               	movwf	??_main
   191  03E7                     u37:	
   192  03E7  0B8C               	decfsz	??_main,f
   193  03E8  2BE7               	goto	u37
   194  03E9  0B8D               	decfsz	??_main+1,f
   195  03EA  2BE7               	goto	u37
   196  03EB  0B8E               	decfsz	??_main+2,f
   197  03EC  2BE7               	goto	u37
   198  03ED  2BEE               	nop2
   199                           
   200                           ;newmain.c: 26: RB6=0;
   201  03EE  1283               	bcf	3,5	;RP0=0, select bank0
   202  03EF  1306               	bcf	6,6	;volatile
   203                           
   204                           ;newmain.c: 27: _delay((unsigned long)((500)*(4000000/4000.0)));
   205  03F0  3003               	movlw	3
   206  03F1  008E               	movwf	??_main+2
   207  03F2  308A               	movlw	138
   208  03F3  008D               	movwf	??_main+1
   209  03F4  3055               	movlw	85
   210  03F5  008C               	movwf	??_main
   211  03F6                     u47:	
   212  03F6  0B8C               	decfsz	??_main,f
   213  03F7  2BF6               	goto	u47
   214  03F8  0B8D               	decfsz	??_main+1,f
   215  03F9  2BF6               	goto	u47
   216  03FA  0B8E               	decfsz	??_main+2,f
   217  03FB  2BF6               	goto	u47
   218  03FC  2BFD               	nop2
   219  03FD  2800               	ljmp	start
   220  03FE                     __end_of_main:	
   221  004E                     btemp	set	78	;btemp
   222  004E                     wtemp0	set	78


Data Sizes:
    Strings     0
    Constant    0
    Data        0
    BSS         0
    Persistent  0
    Stack       0

Auto Spaces:
    Space          Size  Autos    Used
    COMMON            0      0       0
    BANK0            66      3       3

Pointer List with Targets:

    None.

Critical Paths under _main in COMMON

    None.

Critical Paths under _main in BANK0

    None.

Call Graph Tables:

 ---------------------------------------------------------------------------------
 (Depth) Function   	        Calls       Base Space   Used Autos Params    Refs
 ---------------------------------------------------------------------------------
 (0) _main                                                 3     3      0       0
                                              0 BANK0      3     3      0
 ---------------------------------------------------------------------------------
 Estimated maximum stack depth 0
 ---------------------------------------------------------------------------------

 Call Graph Graphs:

 _main (ROOT)

 Address spaces:
Name               Size   Autos  Total    Cost      Usage
BITCOMMON            0      0       0       0        0.0%
EEDATA              40      0       0       0        0.0%
NULL                 0      0       0       0        0.0%
CODE                 0      0       0       0        0.0%
BITSFR0              0      0       0       1        0.0%
SFR0                 0      0       0       1        0.0%
COMMON               0      0       0       1        0.0%
BITSFR1              0      0       0       2        0.0%
SFR1                 0      0       0       2        0.0%
STACK                0      0       0       2        0.0%
BANK0               42      3       3       3        4.5%
ABS                  0      0       0       4        0.0%
BITBANK0            42      0       0       5        0.0%
DATA                 0      0       0       6        0.0%


Microchip Technology PIC Macro Assembler V1.41 build -162212810 
Symbol Table                                                                                   Mon Feb 20 22:54:47 2017

                     u17 03C9                       u27 03D8                       u37 03E7  
                     u47 03F6                      _RB0 0030                      _RB6 0036  
                   _main 03BE                     btemp 004E                     start 0000  
                  ?_main 000C                    status 0003                    wtemp0 004E  
        __initialization 03FE             __end_of_main 03FE                   ??_main 000C  
                 _TRISB0 0430                   _TRISB6 0436  __end_of__initialization 03FE  
             __pmaintext 03BE     end_of_initialization 03FE      start_initialization 03FE  
              ___latbits 0000            __pcstackBANK0 000C            __size_of_main 0040  
