

Microchip Technology PIC LITE Macro Assembler V1.41 build -162212810 
                                                                                               Mon Feb 27 11:29:15 2017

Microchip Technology Omniscient Code Generator v1.41 (Free mode) build 201701250102
     1                           	processor	16F84A
     2                           	opt	pw 120
     3                           	opt	lm
     4                           	psect	cinit,global,class=CODE,merge=1,delta=2
     5                           	psect	cstackCOMMON,global,class=COMMON,space=1,delta=1
     6                           	psect	cstackBANK0,global,class=BANK0,space=1,delta=1
     7                           	psect	maintext,global,class=CODE,split=1,delta=2
     8                           	dabs	1,0x4E,2
     9  0000                     
    10                           ; Version 1.41
    11                           ; Generated 25/01/2017 GMT
    12                           ; 
    13                           ; Copyright © 2017, Microchip Technology Inc. and its subsidiaries ("Microchip")
    14                           ; All rights reserved.
    15                           ; 
    16                           ; This software is developed by Microchip Technology Inc. and its subsidiaries ("Microch
      +                          ip").
    17                           ; 
    18                           ; Redistribution and use in source and binary forms, with or without modification, are
    19                           ; permitted provided that the following conditions are met:
    20                           ; 
    21                           ;     1. Redistributions of source code must retain the above copyright notice, this lis
      +                          t of
    22                           ;        conditions and the following disclaimer.
    23                           ; 
    24                           ;     2. Redistributions in binary form must reproduce the above copyright notice, this 
      +                          list
    25                           ;        of conditions and the following disclaimer in the documentation and/or other
    26                           ;        materials provided with the distribution.
    27                           ; 
    28                           ;     3. Microchip's name may not be used to endorse or promote products derived from th
      +                          is
    29                           ;        software without specific prior written permission.
    30                           ; 
    31                           ; THIS SOFTWARE IS PROVIDED BY MICROCHIP "AS IS" AND ANY EXPRESS OR IMPLIED WARRANTIES,
    32                           ; INCLUDING, BUT NOT LIMITED TO, THE IMPLIED WARRANTIES OF MERCHANTABILITY AND FITNESS F
      +                          OR
    33                           ; PURPOSE ARE DISCLAIMED.  IN NO EVENT SHALL MICROCHIP BE LIABLE FOR ANY DIRECT, INDIREC
      +                          T,
    34                           ; INCIDENTAL, SPECIAL, EXEMPLARY, OR CONSEQUENTIAL DAMAGES (INCLUDING BUT NOT LIMITED TO
    35                           ; PROCUREMENT OF SUBSTITUTE GOODS OR SERVICES; LOSS OF USE, DATA OR PROFITS; OR BUSINESS
    36                           ; INTERRUPTION) HOWSOEVER CAUSED AND ON ANY THEORY OF LIABILITY, WHETHER IN CONTRACT, ST
      +                          RICT
    37                           ; LIABILITY, OR TORT (INCLUDING NEGLIGENCE OR OTHERWISE) ARISING IN ANY WAY OUT OF THE U
      +                          SE OF
    38                           ; THIS SOFTWARE, EVEN IF ADVISED OF THE POSSIBILITY OF SUCH DAMAGE.
    39                           ; 
    40                           ; 
    41                           ; Code-generator required, PIC16F84A Definitions
    42                           ; 
    43                           ; SFR Addresses
    44  0000                     	;# 
    45  0001                     	;# 
    46  0002                     	;# 
    47  0003                     	;# 
    48  0004                     	;# 
    49  0005                     	;# 
    50  0006                     	;# 
    51  0008                     	;# 
    52  0009                     	;# 
    53  000A                     	;# 
    54  000B                     	;# 
    55  0081                     	;# 
    56  0085                     	;# 
    57  0086                     	;# 
    58  0088                     	;# 
    59  0089                     	;# 
    60  0032                     _RB2	set	50
    61  0034                     _RB4	set	52
    62  0031                     _RB1	set	49
    63  0434                     _TRISB4	set	1076
    64  0432                     _TRISB2	set	1074
    65  0431                     _TRISB1	set	1073
    66                           
    67                           	psect	cinit
    68  03FE                     start_initialization:	
    69                           ; #config settings
    70                           
    71  03FE                     __initialization:	
    72  03FE                     end_of_initialization:	
    73                           ;End of C runtime variable initialization code
    74                           
    75  03FE                     __end_of__initialization:	
    76  03FE  0183               	clrf	3
    77  03FF  2BF4               	ljmp	_main	;jump to C main() function
    78                           
    79                           	psect	cstackCOMMON
    80  0000                     __pcstackCOMMON:	
    81  0000                     ??_main:	
    82                           
    83                           	psect	cstackBANK0
    84  0000                     __pcstackBANK0:	
    85                           ; 1 bytes @ 0x0
    86                           
    87  0000                     ?_main:	
    88                           
    89                           	psect	maintext
    90  03F4                     __pmaintext:	
    91                           ; 1 bytes @ 0x0
    92 ;;
    93 ;;Main: autosize = 0, tempsize = 0, incstack = 0, save=0
    94 ;;
    95 ;; *************** function _main *****************
    96 ;; Defined at:
    97 ;;		line 15 in file "newmain.c"
    98 ;; Parameters:    Size  Location     Type
    99 ;;		None
   100 ;; Auto vars:     Size  Location     Type
   101 ;;		None
   102 ;; Return value:  Size  Location     Type
   103 ;;                  1    wreg      void 
   104 ;; Registers used:
   105 ;;		None
   106 ;; Tracked objects:
   107 ;;		On entry : B00/0
   108 ;;		On exit  : 0/0
   109 ;;		Unchanged: 0/0
   110 ;; Data sizes:     COMMON   BANK0
   111 ;;      Params:         0       0
   112 ;;      Locals:         0       0
   113 ;;      Temps:          0       0
   114 ;;      Totals:         0       0
   115 ;;Total ram usage:        0 bytes
   116 ;; This function calls:
   117 ;;		Nothing
   118 ;; This function is called by:
   119 ;;		Startup code after reset
   120 ;; This function uses a non-reentrant model
   121 ;;
   122                           
   123                           
   124                           ;psect for function _main
   125  03F4                     _main:	
   126                           
   127                           ;newmain.c: 17: TRISB1=1;
   128                           
   129                           ;incstack = 0
   130                           ; Regs used in _main: []
   131  03F4  1683               	bsf	3,5	;RP0=1, select bank1
   132  03F5  1486               	bsf	6,1	;volatile
   133                           
   134                           ;newmain.c: 18: TRISB2=1;
   135  03F6  1506               	bsf	6,2	;volatile
   136  03F7                     L1:	
   137                           
   138                           ;newmain.c: 19: TRISB4=0;
   139  03F7  1206               	bcf	6,4	;volatile
   140  03F8                     l15:	
   141                           ;newmain.c: 21: for(;;)
   142                           
   143                           
   144                           ;newmain.c: 22: {
   145                           ;newmain.c: 23: if(RB1==0)
   146  03F8  1283               	bcf	3,5	;RP0=0, select bank0
   147  03F9  1C86               	btfss	6,1	;volatile
   148                           
   149                           ;newmain.c: 24: {
   150                           ;newmain.c: 25: RB4=1;
   151  03FA  1606               	bsf	6,4	;volatile
   152                           
   153                           ;newmain.c: 26: }
   154                           ;newmain.c: 27: if(RB2==0)
   155  03FB  1906               	btfsc	6,2	;volatile
   156  03FC  2BF8               	goto	l15
   157  03FD  2BF7               	goto	L1
   158  03FE                     __end_of_main:	
   159                           ;newmain.c: 32: return;
   160                           
   161                           ;newmain.c: 30: }
   162                           ;newmain.c: 31: }
   163                           
   164                           ;newmain.c: 28: {
   165                           ;newmain.c: 29: RB4=0;
   166                           
   167  004E                     btemp	set	78	;btemp
   168  004E                     wtemp0	set	78


Data Sizes:
    Strings     0
    Constant    0
    Data        0
    BSS         0
    Persistent  0
    Stack       0

Auto Spaces:
    Space          Size  Autos    Used
    COMMON            0      0       0
    BANK0            66      0       0

Pointer List with Targets:

    None.

Critical Paths under _main in COMMON

    None.

Critical Paths under _main in BANK0

    None.

Call Graph Tables:

 ---------------------------------------------------------------------------------
 (Depth) Function   	        Calls       Base Space   Used Autos Params    Refs
 ---------------------------------------------------------------------------------
 (0) _main                                                 0     0      0       0
 ---------------------------------------------------------------------------------
 Estimated maximum stack depth 0
 ---------------------------------------------------------------------------------

 Call Graph Graphs:

 _main (ROOT)

 Address spaces:
Name               Size   Autos  Total    Cost      Usage
BITCOMMON            0      0       0       0        0.0%
EEDATA              40      0       0       0        0.0%
NULL                 0      0       0       0        0.0%
CODE                 0      0       0       0        0.0%
BITSFR0              0      0       0       1        0.0%
SFR0                 0      0       0       1        0.0%
COMMON               0      0       0       1        0.0%
BITSFR1              0      0       0       2        0.0%
SFR1                 0      0       0       2        0.0%
STACK                0      0       0       2        0.0%
BANK0               42      0       0       3        0.0%
ABS                  0      0       0       4        0.0%
BITBANK0            42      0       0       5        0.0%
DATA                 0      0       0       6        0.0%


Microchip Technology PIC Macro Assembler V1.41 build -162212810 
Symbol Table                                                                                   Mon Feb 27 11:29:15 2017

                     l15 03F8                      _RB1 0031                      _RB2 0032  
                    _RB4 0034                     _main 03F4                     btemp 004E  
                   start 0000                    ?_main 0000                    status 0003  
                  wtemp0 004E          __initialization 03FE             __end_of_main 03FE  
                 ??_main 0000                   _TRISB1 0431                   _TRISB2 0432  
                 _TRISB4 0434  __end_of__initialization 03FE           __pcstackCOMMON 0000  
             __pmaintext 03F4     end_of_initialization 03FE      start_initialization 03FE  
              ___latbits 0000            __pcstackBANK0 0000            __size_of_main 000A  
